<?xml version="1.0" encoding="UTF-8" standalone="no"?>
<testsuite errors="0" failures="1" name="io.cucumber.core.plugin.JUnitFormatter" skipped="0" tests="6" time="33.635">
    <testcase classname="DecemberBoys Login" name="Logo presence on DecemberBoys homepage" time="5.583">
        <system-out>
            <![CDATA[Given I launch chrome browser...............................................passed
When I open DecemberBoys homepage...........................................passed
Then I verify that the logo is present on a homepage........................passed
And close browser...........................................................passed
]]>
        </system-out>
    </testcase>
    <testcase classname="DecemberBoys Login" name="Login with valid credentials" time="5.691">
        <system-out>
            <![CDATA[Given I launch chrome browser...............................................passed
When I open DecemberBoys login page.........................................passed
And pass valid credentials..................................................passed
And click login.............................................................passed
Then I verify that I'm logged in............................................passed
And close browser...........................................................passed
]]>
        </system-out>
    </testcase>
    <testcase classname="DecemberBoys Login" name="Login with specific credentials" time="5.979">
        <system-out>
            <![CDATA[Given I launch chrome browser...............................................passed
When I open DecemberBoys login page.........................................passed
And pass username "erg@rsgef.com" and password "123456789"..................passed
And click login.............................................................passed
Then I verify that I'm logged in............................................passed
And close browser...........................................................passed
]]>
        </system-out>
    </testcase>
    <testcase classname="DecemberBoys Login" name="Login with multiple credentials" time="6.829">
        <system-out>
            <![CDATA[Given I launch chrome browser...............................................passed
When I open DecemberBoys login page.........................................passed
And pass username "erg@rsgef.com" and password "123456789"..................passed
And click login.............................................................passed
Then I verify that I'm logged in............................................passed
And close browser...........................................................passed
]]>
        </system-out>
    </testcase>
    <testcase classname="DecemberBoys Login" name="Login with multiple credentials 2" time="3.234">
        <failure message="no such element: Unable to locate element: {&quot;method&quot;:&quot;xpath&quot;,&quot;selector&quot;:&quot;//a[@href='/en/accounts/logout/']&quot;}&#10;  (Session info: chrome=103.0.5060.134)&#10;For documentation on this error, please visit: https://selenium.dev/exceptions/#no_such_element&#10;Build info: version: '4.3.0', revision: 'a4995e2c09*'&#10;System info: host: 'HP-ANASTASIA-MU', ip: '192.168.1.81', os.name: 'Windows 10', os.arch: 'amd64', os.version: '10.0', java.version: '11.0.15'&#10;Driver info: org.openqa.selenium.chrome.ChromeDriver&#10;Command: [c15052a07e5b99d73f23fad5cc24a0d7, findElement {using=xpath, value=//a[@href='/en/accounts/logout/']}]&#10;Capabilities {acceptInsecureCerts: false, browserName: chrome, browserVersion: 103.0.5060.134, chrome: {chromedriverVersion: 103.0.5060.53 (a1711811edd7..., userDataDir: C:\Users\ROMANY~1\AppData\L...}, goog:chromeOptions: {debuggerAddress: localhost:57788}, networkConnectionEnabled: false, pageLoadStrategy: normal, platformName: WINDOWS, proxy: Proxy(), se:cdp: ws://localhost:57788/devtoo..., se:cdpVersion: 103.0.5060.134, setWindowRect: true, strictFileInteractability: false, timeouts: {implicit: 0, pageLoad: 300000, script: 30000}, unhandledPromptBehavior: dismiss and notify, webauthn:extension:credBlob: true, webauthn:extension:largeBlob: true, webauthn:virtualAuthenticators: true}&#10;Session ID: c15052a07e5b99d73f23fad5cc24a0d7" type="org.openqa.selenium.NoSuchElementException">
            <![CDATA[Given I launch chrome browser...............................................passed
When I open DecemberBoys login page.........................................passed
And pass username "123456789" and password "erg@rsgef.com"..................passed
And click login.............................................................passed
Then I verify that I'm logged in............................................failed
And close browser...........................................................skipped

StackTrace:
org.openqa.selenium.NoSuchElementException: no such element: Unable to locate element: {"method":"xpath","selector":"//a[@href='/en/accounts/logout/']"}
  (Session info: chrome=103.0.5060.134)
For documentation on this error, please visit: https://selenium.dev/exceptions/#no_such_element
Build info: version: '4.3.0', revision: 'a4995e2c09*'
System info: host: 'HP-ANASTASIA-MU', ip: '192.168.1.81', os.name: 'Windows 10', os.arch: 'amd64', os.version: '10.0', java.version: '11.0.15'
Driver info: org.openqa.selenium.chrome.ChromeDriver
Command: [c15052a07e5b99d73f23fad5cc24a0d7, findElement {using=xpath, value=//a[@href='/en/accounts/logout/']}]
Capabilities {acceptInsecureCerts: false, browserName: chrome, browserVersion: 103.0.5060.134, chrome: {chromedriverVersion: 103.0.5060.53 (a1711811edd7..., userDataDir: C:\Users\ROMANY~1\AppData\L...}, goog:chromeOptions: {debuggerAddress: localhost:57788}, networkConnectionEnabled: false, pageLoadStrategy: normal, platformName: WINDOWS, proxy: Proxy(), se:cdp: ws://localhost:57788/devtoo..., se:cdpVersion: 103.0.5060.134, setWindowRect: true, strictFileInteractability: false, timeouts: {implicit: 0, pageLoad: 300000, script: 30000}, unhandledPromptBehavior: dismiss and notify, webauthn:extension:credBlob: true, webauthn:extension:largeBlob: true, webauthn:virtualAuthenticators: true}
Session ID: c15052a07e5b99d73f23fad5cc24a0d7
	at java.base/jdk.internal.reflect.NativeConstructorAccessorImpl.newInstance0(Native Method)
	at java.base/jdk.internal.reflect.NativeConstructorAccessorImpl.newInstance(NativeConstructorAccessorImpl.java:62)
	at java.base/jdk.internal.reflect.DelegatingConstructorAccessorImpl.newInstance(DelegatingConstructorAccessorImpl.java:45)
	at java.base/java.lang.reflect.Constructor.newInstance(Constructor.java:490)
	at org.openqa.selenium.remote.codec.w3c.W3CHttpResponseCodec.createException(W3CHttpResponseCodec.java:200)
	at org.openqa.selenium.remote.codec.w3c.W3CHttpResponseCodec.decode(W3CHttpResponseCodec.java:133)
	at org.openqa.selenium.remote.codec.w3c.W3CHttpResponseCodec.decode(W3CHttpResponseCodec.java:53)
	at org.openqa.selenium.remote.HttpCommandExecutor.execute(HttpCommandExecutor.java:184)
	at org.openqa.selenium.remote.service.DriverCommandExecutor.invokeExecute(DriverCommandExecutor.java:167)
	at org.openqa.selenium.remote.service.DriverCommandExecutor.execute(DriverCommandExecutor.java:142)
	at org.openqa.selenium.remote.RemoteWebDriver.execute(RemoteWebDriver.java:569)
	at org.openqa.selenium.remote.ElementLocation$ElementFinder$2.findElement(ElementLocation.java:162)
	at org.openqa.selenium.remote.ElementLocation.findElement(ElementLocation.java:60)
	at org.openqa.selenium.remote.RemoteWebDriver.findElement(RemoteWebDriver.java:387)
	at org.openqa.selenium.remote.RemoteWebDriver.findElement(RemoteWebDriver.java:379)
	at StepDefinitions.DecemberBoysSteps.i_verify_that_i_m_logged_in(DecemberBoysSteps.java:90)
	at âœ½.I verify that I'm logged in(file:///C:/Users/Roman%20Yarmolenko/IdeaProjects/BDDCucumberTest/Features/DecemberBoys.feature:32)
]]>
        </failure>
    </testcase>
    <testcase classname="DecemberBoys Login" name="Login with table credentials" time="6.052">
        <system-out>
            <![CDATA[Given I launch chrome browser...............................................passed
When I open DecemberBoys login page.........................................passed
And pass username and password from Data Table..............................passed
And click login.............................................................passed
Then I verify that I'm logged in............................................passed
And close browser...........................................................passed
]]>
        </system-out>
    </testcase>
</testsuite>
